Compiling the C compiler identification source file "CMakeCCompilerId.c" failed.
Compiler: C:/Program Files (x86)/Microsoft Visual Studio/2019/Community/VC/Tools/Llvm/bin/clang.exe 
Build flags: 
Id flags:  

The output was:
1
clang: error: unable to execute command: program not executable
clang: error: linker command failed with exit code 1 (use -v to see invocation)


Compiling the CXX compiler identification source file "CMakeCXXCompilerId.cpp" failed.
Compiler: C:/Program Files (x86)/Microsoft Visual Studio/2019/Community/VC/Tools/Llvm/bin/clang.exe 
Build flags: 
Id flags:  

The output was:
1
clang: error: unable to execute command: program not executable
clang: error: linker command failed with exit code 1 (use -v to see invocation)


Determining if the include file pthread.h exists failed with the following output:
Change Dir: D:/VSC/Test1/build/CMakeFiles/CMakeTmp

Run Build Command(s):C:/PROGRA~2/MICROS~1/2019/COMMUN~1/Common7/IDE/COMMON~1/MICROS~1/CMake/Ninja/ninja.exe cmTC_7830d && [1/2] Building C object CMakeFiles/cmTC_7830d.dir/CheckIncludeFile.c.obj
FAILED: CMakeFiles/cmTC_7830d.dir/CheckIncludeFile.c.obj 
C:\PROGRA~2\MICROS~1\2019\COMMUN~1\VC\Tools\Llvm\bin\clang.exe   -g -Xclang -gcodeview -O0 -D_DEBUG -D_DLL -D_MT -Xclang --dependent-lib=msvcrtd -MD -MT CMakeFiles/cmTC_7830d.dir/CheckIncludeFile.c.obj -MF CMakeFiles\cmTC_7830d.dir\CheckIncludeFile.c.obj.d -o CMakeFiles/cmTC_7830d.dir/CheckIncludeFile.c.obj -c CheckIncludeFile.c
CheckIncludeFile.c:1:10: fatal error: 'pthread.h' file not found
#include <pthread.h>
         ^~~~~~~~~~~
1 error generated.
ninja: build stopped: subcommand failed.



